  pch.cpp
  123.cpp
  Sub.cpp
  test.cpp
  Создание кода...
test.obj : error LNK2005: "private: virtual void __thiscall SpeedTest_TestSum1_Test::TestBody(void)" (?TestBody@SpeedTest_TestSum1_Test@@EAEXXZ) уже определен в Sub.obj
test.obj : error LNK2005: "class BigInt a" (?a@@3VBigInt@@A) уже определен в Sub.obj
test.obj : error LNK2005: "class BigInt b" (?b@@3VBigInt@@A) уже определен в Sub.obj
test.obj : error LNK2005: "class BigInt c" (?c@@3VBigInt@@A) уже определен в Sub.obj
test.obj : error LNK2005: "class std::basic_string<char,struct std::char_traits<char>,class std::allocator<char> > subS" (?subS@@3V?$basic_string@DU?$char_traits@D@std@@V?$allocator@D@2@@std@@A) уже определен в Sub.obj
test.obj : error LNK2005: "private: static class testing::TestInfo * SpeedTest_TestSum1_Test::test_info_" (?test_info_@SpeedTest_TestSum1_Test@@0QAVTestInfo@testing@@A) уже определен в Sub.obj
BigIntLib.lib(ConvertTypes.obj) : warning LNK4075: не учитывается "/EDITANDCONTINUE" из-за спецификации "/SAFESEH"
C:\Users\leedm\source\repos\newBigInt\Debug\SpeedTest.exe : fatal error LNK1169: обнаружен многократно определенный символ - один или более
